0 info it worked if it ends with ok
1 verbose cli [ '/usr/local/bin/node', '/usr/local/bin/npm', 'start' ]
2 info using npm@3.10.10
3 info using node@v6.9.4
4 verbose run-script [ 'prestart', 'start', 'poststart' ]
5 info lifecycle kanban@~prestart: kanban@
6 silly lifecycle kanban@~prestart: no script for prestart, continuing
7 info lifecycle kanban@~start: kanban@
8 verbose lifecycle kanban@~start: unsafe-perm in lifecycle true
9 verbose lifecycle kanban@~start: PATH: /usr/local/lib/node_modules/npm/bin/node-gyp-bin:/Users/dad/Dev/angular2/Kanban/node_modules/.bin:/Users/dad/.sdkman/candidates/groovy/current/bin:/usr/local/bin:/usr/bin:/bin:/usr/sbin:/sbin:/opt/X11/bin
10 verbose lifecycle kanban@~start: CWD: /Users/dad/Dev/angular2/Kanban
11 silly lifecycle kanban@~start: Args: [ '-c', 'tsc && concurrently "tsc -w" "lite-server" ' ]
12 silly lifecycle kanban@~start: Returned: code: 2  signal: null
13 info lifecycle kanban@~start: Failed to exec start script
14 verbose stack Error: kanban@ start: `tsc && concurrently "tsc -w" "lite-server" `
14 verbose stack Exit status 2
14 verbose stack     at EventEmitter.<anonymous> (/usr/local/lib/node_modules/npm/lib/utils/lifecycle.js:255:16)
14 verbose stack     at emitTwo (events.js:106:13)
14 verbose stack     at EventEmitter.emit (events.js:191:7)
14 verbose stack     at ChildProcess.<anonymous> (/usr/local/lib/node_modules/npm/lib/utils/spawn.js:40:14)
14 verbose stack     at emitTwo (events.js:106:13)
14 verbose stack     at ChildProcess.emit (events.js:191:7)
14 verbose stack     at maybeClose (internal/child_process.js:877:16)
14 verbose stack     at Process.ChildProcess._handle.onexit (internal/child_process.js:226:5)
15 verbose pkgid kanban@
16 verbose cwd /Users/dad/Dev/angular2/Kanban
17 error Darwin 16.1.0
18 error argv "/usr/local/bin/node" "/usr/local/bin/npm" "start"
19 error node v6.9.4
20 error npm  v3.10.10
21 error code ELIFECYCLE
22 error kanban@ start: `tsc && concurrently "tsc -w" "lite-server" `
22 error Exit status 2
23 error Failed at the kanban@ start script 'tsc && concurrently "tsc -w" "lite-server" '.
23 error Make sure you have the latest version of node.js and npm installed.
23 error If you do, this is most likely a problem with the kanban package,
23 error not with npm itself.
23 error Tell the author that this fails on your system:
23 error     tsc && concurrently "tsc -w" "lite-server"
23 error You can get information on how to open an issue for this project with:
23 error     npm bugs kanban
23 error Or if that isn't available, you can get their info via:
23 error     npm owner ls kanban
23 error There is likely additional logging output above.
24 verbose exit [ 1, true ]
